<?xml version="1.0" encoding="UTF-8"?>
<!-- Generated by org.testng.reporters.JUnitReportReporter -->
<testsuite skipped="0" hostname="NIBC2029" name="basicTests.Handling_frames" tests="1" failures="0" timestamp="10 May 2019 09:06:53 GMT" time="6.641" errors="0">
  <testcase name="frame_handler" time="6.641" classname="basicTests.Handling_frames"/>
</testsuite> <!-- basicTests.Handling_frames -->
