<?xml version="1.0" encoding="UTF-8"?>
<!-- Generated by org.testng.reporters.JUnitReportReporter -->
<testsuite skipped="0" hostname="NIBC2029" name="resources.reusable_methods" tests="1" failures="0" timestamp="12 Apr 2019 11:02:30 GMT" time="8.326" errors="0">
  <testcase name="open_practiceSection" time="8.326" classname="resources.reusable_methods"/>
</testsuite> <!-- resources.reusable_methods -->
