<?xml version="1.0" encoding="UTF-8"?>
<!-- Generated by org.testng.reporters.JUnitReportReporter -->
<testsuite skipped="0" hostname="NIBC2029" name="basicTests.handle_windows_tabs" tests="1" failures="0" timestamp="09 May 2019 10:52:38 GMT" time="12.128" errors="0">
  <testcase name="handler" time="12.128" classname="basicTests.handle_windows_tabs"/>
</testsuite> <!-- basicTests.handle_windows_tabs -->
