<?xml version="1.0" encoding="UTF-8"?>
<!-- Generated by org.testng.reporters.JUnitReportReporter -->
<testsuite skipped="0" hostname="AVINASH" name="basicTests.alerts" tests="2" failures="0" timestamp="08 Jun 2019 07:11:00 GMT" time="137.400" errors="0">
  <testcase name="automate_htmlAlerts" time="103.441" classname="basicTests.alerts"/>
  <testcase name="automate_javascriptAlert" time="33.959" classname="basicTests.alerts"/>
</testsuite> <!-- basicTests.alerts -->
