<?xml version="1.0" encoding="UTF-8"?>
<!-- Generated by org.testng.reporters.JUnitReportReporter -->
<testsuite skipped="0" hostname="NIBC2029" name="basicTests.JavaScriptExecutor" tests="1" failures="0" timestamp="14 May 2019 11:34:33 GMT" time="10.365" errors="0">
  <testcase name="JavaScript" time="10.365" classname="basicTests.JavaScriptExecutor"/>
</testsuite> <!-- basicTests.JavaScriptExecutor -->
