<?xml version="1.0" encoding="UTF-8"?>
<!-- Generated by org.testng.reporters.JUnitReportReporter -->
<testsuite skipped="0" hostname="AVINASH" name="basicTests.GitHub" tests="1" failures="0" timestamp="08 Jun 2019 06:54:46 GMT" time="12.555" errors="0">
  <testcase name="repository" time="12.555" classname="basicTests.GitHub"/>
</testsuite> <!-- basicTests.GitHub -->
