<?xml version="1.0" encoding="UTF-8"?>
<!-- Generated by org.testng.reporters.JUnitReportReporter -->
<testsuite skipped="0" hostname="NIBC2029" name="basicTests.ValidateNavBar" tests="1" failures="0" timestamp="12 Apr 2019 09:17:45 GMT" time="6.953" errors="0">
  <testcase name="basePageNavBar" time="6.953" classname="basicTests.ValidateNavBar"/>
</testsuite> <!-- basicTests.ValidateNavBar -->
