<?xml version="1.0" encoding="UTF-8"?>
<!-- Generated by org.testng.reporters.JUnitReportReporter -->
<testsuite skipped="0" hostname="NIBC2029" name="package1.Homepage" tests="1" failures="0" timestamp="22 Feb 2019 09:04:40 GMT" time="12.408" errors="0">
  <testcase name="basePageNavigation" time="12.408" classname="package1.Homepage"/>
</testsuite> <!-- package1.Homepage -->
