<?xml version="1.0" encoding="UTF-8"?>
<!-- Generated by org.testng.reporters.JUnitReportReporter -->
<testsuite skipped="0" hostname="NIBC2029" name="basicTests.Limiting_webdriverScope" tests="1" failures="0" timestamp="10 May 2019 09:17:56 GMT" time="13.284" errors="0">
  <testcase name="webdriver" time="13.284" classname="basicTests.Limiting_webdriverScope"/>
</testsuite> <!-- basicTests.Limiting_webdriverScope -->
