<?xml version="1.0" encoding="UTF-8"?>
<!-- Generated by org.testng.reporters.JUnitReportReporter -->
<testsuite skipped="0" hostname="NIBC2029" name="basicTests.calendar" tests="1" failures="0" timestamp="16 May 2019 10:32:00 GMT" time="24.458" errors="0">
  <testcase name="select_date" time="24.458" classname="basicTests.calendar"/>
</testsuite> <!-- basicTests.calendar -->
