<?xml version="1.0" encoding="UTF-8"?>
<!-- Generated by org.testng.reporters.JUnitReportReporter -->
<testsuite skipped="0" hostname="NIBC2029" name="basicTests.Homepage" tests="2" failures="0" timestamp="12 Apr 2019 09:13:10 GMT" time="43.355" errors="0">
  <testcase name="basePageNavigation" time="29.562" classname="basicTests.Homepage"/>
  <testcase name="basePageNavigation" time="13.793" classname="basicTests.Homepage"/>
</testsuite> <!-- basicTests.Homepage -->
