<?xml version="1.0" encoding="UTF-8"?>
<!-- Generated by org.testng.reporters.JUnitReportReporter -->
<testsuite skipped="0" hostname="NIBC2029" name="basicTests.ExcelData" tests="1" failures="0" timestamp="16 May 2019 11:42:32 GMT" time="0.431" errors="0">
  <testcase name="readData" time="0.431" classname="basicTests.ExcelData"/>
</testsuite> <!-- basicTests.ExcelData -->
