<?xml version="1.0" encoding="UTF-8"?>
<!-- Generated by org.testng.reporters.JUnitReportReporter -->
<testsuite skipped="0" hostname="NIBC2029" name="basicTests.multipleTests" tests="1" failures="0" timestamp="16 Apr 2019 10:06:04 GMT" time="0.154" errors="0">
  <testcase name="automate_checkboxes" time="0.154" classname="basicTests.multipleTests"/>
</testsuite> <!-- basicTests.multipleTests -->
