<?xml version="1.0" encoding="UTF-8"?>
<!-- Generated by org.testng.reporters.JUnitReportReporter -->
<testsuite skipped="0" hostname="NIBC2029" name="basicTests.ValidateTitle" tests="1" failures="0" timestamp="21 Mar 2019 07:15:31 GMT" time="5.414" errors="0">
  <testcase name="basePageTitle" time="5.414" classname="basicTests.ValidateTitle"/>
</testsuite> <!-- basicTests.ValidateTitle -->
