<?xml version="1.0" encoding="UTF-8"?>
<!-- Generated by org.testng.reporters.JUnitReportReporter -->
<testsuite skipped="0" hostname="NIBC2029" name="basicTests.calendar" tests="1" failures="0" timestamp="22 May 2019 07:19:52 GMT" time="26.280" errors="0">
  <testcase name="select_date" time="26.280" classname="basicTests.calendar"/>
</testsuite> <!-- basicTests.calendar -->
