<?xml version="1.0" encoding="UTF-8"?>
<!-- Generated by org.testng.reporters.JUnitReportReporter -->
<testsuite skipped="0" hostname="NIBC2029" name="basicTests.Homepage" tests="2" failures="0" timestamp="21 Mar 2019 07:10:27 GMT" time="33.751" errors="0">
  <testcase name="basePageNavigation" time="21.262" classname="basicTests.Homepage"/>
  <testcase name="basePageNavigation" time="12.489" classname="basicTests.Homepage"/>
</testsuite> <!-- basicTests.Homepage -->
