<?xml version="1.0" encoding="UTF-8"?>
<!-- Generated by org.testng.reporters.JUnitReportReporter -->
<testsuite skipped="0" hostname="NIBC2029" name="basicTests.ValidateNavBar" tests="1" failures="0" timestamp="21 Mar 2019 07:15:31 GMT" time="5.467" errors="0">
  <testcase name="basePageNavBar" time="5.467" classname="basicTests.ValidateNavBar"/>
</testsuite> <!-- basicTests.ValidateNavBar -->
